C:\Users\jkocevska\source\repos\DutchTreat\client\dist\out-tsc\app\app.component.js
C:\Users\jkocevska\source\repos\DutchTreat\client\dist\out-tsc\app\app.component.js.map
C:\Users\jkocevska\source\repos\DutchTreat\client\dist\out-tsc\app\shared\Order.js
C:\Users\jkocevska\source\repos\DutchTreat\client\dist\out-tsc\app\shared\Order.js.map
C:\Users\jkocevska\source\repos\DutchTreat\client\dist\out-tsc\app\shared\Product.js
C:\Users\jkocevska\source\repos\DutchTreat\client\dist\out-tsc\app\shared\Product.js.map
C:\Users\jkocevska\source\repos\DutchTreat\client\dist\out-tsc\app\service\store.service.js
C:\Users\jkocevska\source\repos\DutchTreat\client\dist\out-tsc\app\service\store.service.js.map
C:\Users\jkocevska\source\repos\DutchTreat\client\dist\out-tsc\app\views\productListView.component.js
C:\Users\jkocevska\source\repos\DutchTreat\client\dist\out-tsc\app\views\productListView.component.js.map
C:\Users\jkocevska\source\repos\DutchTreat\client\dist\out-tsc\app\views\cartView.component.js
C:\Users\jkocevska\source\repos\DutchTreat\client\dist\out-tsc\app\views\cartView.component.js.map
C:\Users\jkocevska\source\repos\DutchTreat\client\dist\out-tsc\app\app.module.js
C:\Users\jkocevska\source\repos\DutchTreat\client\dist\out-tsc\app\app.module.js.map
C:\Users\jkocevska\source\repos\DutchTreat\client\dist\out-tsc\environments\environment.js
C:\Users\jkocevska\source\repos\DutchTreat\client\dist\out-tsc\environments\environment.js.map
C:\Users\jkocevska\source\repos\DutchTreat\client\dist\out-tsc\main.js
C:\Users\jkocevska\source\repos\DutchTreat\client\dist\out-tsc\main.js.map
C:\Users\jkocevska\source\repos\DutchTreat\client\dist\out-tsc\polyfills.js
C:\Users\jkocevska\source\repos\DutchTreat\client\dist\out-tsc\polyfills.js.map
C:\Users\jkocevska\source\repos\DutchTreat\client\dist\out-tsc\environments\environment.prod.js
C:\Users\jkocevska\source\repos\DutchTreat\client\dist\out-tsc\environments\environment.prod.js.map
